This file contains any messages produced by compilers while
running configure, to aid debugging if configure makes a mistake.

It was created by arping configure 2.21, which was
generated by GNU Autoconf 2.69.  Invocation command line was

  $ ./configure 

## --------- ##
## Platform. ##
## --------- ##

hostname = arch-pz
uname -m = x86_64
uname -r = 5.9.1-arch1-1
uname -s = Linux
uname -v = #1 SMP PREEMPT Sat, 17 Oct 2020 13:30:37 +0000

/usr/bin/uname -p = unknown
/bin/uname -X     = unknown

/bin/arch              = unknown
/usr/bin/arch -k       = unknown
/usr/convex/getsysinfo = unknown
/usr/bin/hostinfo      = unknown
/bin/machine           = unknown
/usr/bin/oslevel       = unknown
/bin/universe          = unknown

PATH: /usr/local/sbin
PATH: /usr/local/bin
PATH: /usr/bin
PATH: /usr/bin/site_perl
PATH: /usr/bin/vendor_perl
PATH: /usr/bin/core_perl


## ----------- ##
## Core tests. ##
## ----------- ##

configure:2302: checking build system type
configure:2316: result: x86_64-pc-linux-gnu
configure:2336: checking host system type
configure:2349: result: x86_64-pc-linux-gnu
configure:2369: checking target system type
configure:2382: result: x86_64-pc-linux-gnu
configure:2426: checking for a BSD-compatible install
configure:2494: result: /usr/bin/install -c
configure:2505: checking whether build environment is sane
configure:2560: result: yes
configure:2709: checking for a thread-safe mkdir -p
configure:2748: result: /usr/bin/mkdir -p
configure:2755: checking for gawk
configure:2771: found /usr/bin/gawk
configure:2782: result: gawk
configure:2793: checking whether make sets $(MAKE)
configure:2815: result: yes
configure:2844: checking whether make supports nested variables
configure:2861: result: yes
configure:2988: checking whether to enable maintainer-specific portions of Makefiles
configure:2997: result: no
configure:3063: checking for gcc
configure:3079: found /usr/bin/gcc
configure:3090: result: gcc
configure:3319: checking for C compiler version
configure:3328: gcc --version >&5
gcc (GCC) 10.2.0
Copyright (C) 2020 Free Software Foundation, Inc.
This is free software; see the source for copying conditions.  There is NO
warranty; not even for MERCHANTABILITY or FITNESS FOR A PARTICULAR PURPOSE.

configure:3339: $? = 0
configure:3328: gcc -v >&5
Using built-in specs.
COLLECT_GCC=gcc
COLLECT_LTO_WRAPPER=/usr/lib/gcc/x86_64-pc-linux-gnu/10.2.0/lto-wrapper
Target: x86_64-pc-linux-gnu
Configured with: /build/gcc/src/gcc/configure --prefix=/usr --libdir=/usr/lib --libexecdir=/usr/lib --mandir=/usr/share/man --infodir=/usr/share/info --with-bugurl=https://bugs.archlinux.org/ --enable-languages=c,c++,ada,fortran,go,lto,objc,obj-c++,d --with-isl --with-linker-hash-style=gnu --with-system-zlib --enable-__cxa_atexit --enable-cet=auto --enable-checking=release --enable-clocale=gnu --enable-default-pie --enable-default-ssp --enable-gnu-indirect-function --enable-gnu-unique-object --enable-install-libiberty --enable-linker-build-id --enable-lto --enable-multilib --enable-plugin --enable-shared --enable-threads=posix --disable-libssp --disable-libstdcxx-pch --disable-libunwind-exceptions --disable-werror gdc_include_dir=/usr/include/dlang/gdc
Thread model: posix
Supported LTO compression algorithms: zlib zstd
gcc version 10.2.0 (GCC) 
configure:3339: $? = 0
configure:3328: gcc -V >&5
gcc: error: unrecognized command-line option '-V'
gcc: fatal error: no input files
compilation terminated.
configure:3339: $? = 1
configure:3328: gcc -qversion >&5
gcc: error: unrecognized command-line option '-qversion'; did you mean '--version'?
gcc: fatal error: no input files
compilation terminated.
configure:3339: $? = 1
configure:3359: checking whether the C compiler works
configure:3381: gcc    conftest.c  >&5
configure:3385: $? = 0
configure:3433: result: yes
configure:3436: checking for C compiler default output file name
configure:3438: result: a.out
configure:3444: checking for suffix of executables
configure:3451: gcc -o conftest    conftest.c  >&5
configure:3455: $? = 0
configure:3477: result: 
configure:3499: checking whether we are cross compiling
configure:3507: gcc -o conftest    conftest.c  >&5
configure:3511: $? = 0
configure:3518: ./conftest
configure:3522: $? = 0
configure:3510: result: no
configure:3515: checking for suffix of object files
configure:3537: gcc -c   conftest.c >&5
configure:3541: $? = 0
configure:3562: result: o
configure:3566: checking whether we are using the GNU C compiler
configure:3585: gcc -c   conftest.c >&5
configure:3585: $? = 0
configure:3594: result: yes
configure:3603: checking whether gcc accepts -g
configure:3623: gcc -c -g  conftest.c >&5
configure:3623: $? = 0
configure:3664: result: yes
configure:3681: checking for gcc option to accept ISO C89
configure:3744: gcc  -c -g -O2  conftest.c >&5
configure:3744: $? = 0
configure:3757: result: none needed
configure:3782: checking whether gcc understands -c and -o together
configure:3804: gcc -c conftest.c -o conftest2.o
configure:3807: $? = 0
configure:3804: gcc -c conftest.c -o conftest2.o
configure:3807: $? = 0
configure:3819: result: yes
configure:3839: checking whether make supports the include directive
configure:3854: make -f confmf.GNU && cat confinc.out
this is the am__doit target
configure:3857: $? = 0
configure:3876: result: yes (GNU style)
configure:3901: checking dependency style of gcc
configure:4012: result: gcc3
configure:4028: checking whether make sets $(MAKE)
configure:4050: result: yes
configure:4068: checking for sqrt in -lm
configure:4093: gcc -o conftest -g -O2  -D_DEFAULT_SOURCE=1  conftest.c -lm   >&5
conftest.c:18:6: warning: conflicting types for built-in function 'sqrt'; expected 'double(double)' [-Wbuiltin-declaration-mismatch]
   18 | char sqrt ();
      |      ^~~~
conftest.c:1:1: note: 'sqrt' is declared in header '<math.h>'
    1 | /* confdefs.h */
configure:4093: $? = 0
configure:4102: result: yes
configure:4113: checking for socket in -lsocket
configure:4138: gcc -o conftest -g -O2  -D_DEFAULT_SOURCE=1  conftest.c -lsocket  -lm  >&5
/usr/bin/ld: cannot find -lsocket
collect2: error: ld returned 1 exit status
configure:4138: $? = 1
configure: failed program was:
| /* confdefs.h */
| #define PACKAGE_NAME "arping"
| #define PACKAGE_TARNAME "arping"
| #define PACKAGE_VERSION "2.21"
| #define PACKAGE_STRING "arping 2.21"
| #define PACKAGE_BUGREPORT "thomas@habets.se"
| #define PACKAGE_URL ""
| #define PACKAGE "arping"
| #define VERSION "2.21"
| #define HAVE_LIBM 1
| /* end confdefs.h.  */
| 
| /* Override any GCC internal prototype to avoid an error.
|    Use char because int might match the return type of a GCC
|    builtin and then its argument prototype would still apply.  */
| #ifdef __cplusplus
| extern "C"
| #endif
| char socket ();
| int
| main ()
| {
| return socket ();
|   ;
|   return 0;
| }
configure:4147: result: no
configure:4158: checking for gethostbyname in -lnsl
configure:4183: gcc -o conftest -g -O2  -D_DEFAULT_SOURCE=1  conftest.c -lnsl  -lm  >&5
configure:4183: $? = 0
configure:4192: result: yes
configure:4203: checking for cap_init in -lcap
configure:4228: gcc -o conftest -g -O2  -D_DEFAULT_SOURCE=1  conftest.c -lcap  -lnsl -lm  >&5
configure:4228: $? = 0
configure:4237: result: yes
configure:4248: checking for clock_gettime in -lrt
configure:4273: gcc -o conftest -g -O2  -D_DEFAULT_SOURCE=1  conftest.c -lrt  -lcap -lnsl -lm  >&5
configure:4273: $? = 0
configure:4282: result: yes
configure:4293: checking for libnet_name_resolve in -lnet
configure:4318: gcc -o conftest -g -O2  -D_DEFAULT_SOURCE=1  conftest.c -lnet  -lrt -lcap -lnsl -lm  >&5
/usr/bin/ld: /tmp/cc1NcGRd.o: in function `main':
/root/arping/conftest.c:26: undefined reference to `libnet_name_resolve'
collect2: error: ld returned 1 exit status
configure:4318: $? = 1
configure: failed program was:
| /* confdefs.h */
| #define PACKAGE_NAME "arping"
| #define PACKAGE_TARNAME "arping"
| #define PACKAGE_VERSION "2.21"
| #define PACKAGE_STRING "arping 2.21"
| #define PACKAGE_BUGREPORT "thomas@habets.se"
| #define PACKAGE_URL ""
| #define PACKAGE "arping"
| #define VERSION "2.21"
| #define HAVE_LIBM 1
| #define HAVE_LIBNSL 1
| #define HAVE_LIBCAP 1
| #define HAVE_LIBRT 1
| /* end confdefs.h.  */
| 
| /* Override any GCC internal prototype to avoid an error.
|    Use char because int might match the return type of a GCC
|    builtin and then its argument prototype would still apply.  */
| #ifdef __cplusplus
| extern "C"
| #endif
| char libnet_name_resolve ();
| int
| main ()
| {
| return libnet_name_resolve ();
|   ;
|   return 0;
| }
configure:4327: result: no
configure:4333: checking for libnet_init in -lnet
configure:4358: gcc -o conftest -g -O2  -D_DEFAULT_SOURCE=1  conftest.c -lnet  -lrt -lcap -lnsl -lm  >&5
configure:4358: $? = 0
configure:4367: result: yes
configure:4380: checking for pcap_open_live in -lpcap
configure:4405: gcc -o conftest -g -O2  -D_DEFAULT_SOURCE=1  conftest.c -lpcap  -lnet -lrt -lcap -lnsl -lm  >&5
configure:4405: $? = 0
configure:4414: result: yes
configure:4427: checking for library containing clock_gettime
configure:4458: gcc -o conftest -g -O2  -D_DEFAULT_SOURCE=1  conftest.c -lpcap -lnet -lrt -lcap -lnsl -lm  >&5
configure:4458: $? = 0
configure:4475: result: none required
configure:4490: checking how to run the C preprocessor
configure:4521: gcc -E  -D_DEFAULT_SOURCE=1 conftest.c
configure:4521: $? = 0
configure:4535: gcc -E  -D_DEFAULT_SOURCE=1 conftest.c
conftest.c:17:10: fatal error: ac_nonexistent.h: No such file or directory
   17 | #include <ac_nonexistent.h>
      |          ^~~~~~~~~~~~~~~~~~
compilation terminated.
configure:4535: $? = 1
configure: failed program was:
| /* confdefs.h */
| #define PACKAGE_NAME "arping"
| #define PACKAGE_TARNAME "arping"
| #define PACKAGE_VERSION "2.21"
| #define PACKAGE_STRING "arping 2.21"
| #define PACKAGE_BUGREPORT "thomas@habets.se"
| #define PACKAGE_URL ""
| #define PACKAGE "arping"
| #define VERSION "2.21"
| #define HAVE_LIBM 1
| #define HAVE_LIBNSL 1
| #define HAVE_LIBCAP 1
| #define HAVE_LIBRT 1
| #define HAVE_LIBNET 1
| #define HAVE_LIBPCAP 1
| /* end confdefs.h.  */
| #include <ac_nonexistent.h>
configure:4560: result: gcc -E
configure:4580: gcc -E  -D_DEFAULT_SOURCE=1 conftest.c
configure:4580: $? = 0
configure:4594: gcc -E  -D_DEFAULT_SOURCE=1 conftest.c
conftest.c:17:10: fatal error: ac_nonexistent.h: No such file or directory
   17 | #include <ac_nonexistent.h>
      |          ^~~~~~~~~~~~~~~~~~
compilation terminated.
configure:4594: $? = 1
configure: failed program was:
| /* confdefs.h */
| #define PACKAGE_NAME "arping"
| #define PACKAGE_TARNAME "arping"
| #define PACKAGE_VERSION "2.21"
| #define PACKAGE_STRING "arping 2.21"
| #define PACKAGE_BUGREPORT "thomas@habets.se"
| #define PACKAGE_URL ""
| #define PACKAGE "arping"
| #define VERSION "2.21"
| #define HAVE_LIBM 1
| #define HAVE_LIBNSL 1
| #define HAVE_LIBCAP 1
| #define HAVE_LIBRT 1
| #define HAVE_LIBNET 1
| #define HAVE_LIBPCAP 1
| /* end confdefs.h.  */
| #include <ac_nonexistent.h>
configure:4623: checking for grep that handles long lines and -e
configure:4681: result: /usr/bin/grep
configure:4686: checking for egrep
configure:4748: result: /usr/bin/grep -E
configure:4753: checking for ANSI C header files
configure:4773: gcc -c -g -O2  -D_DEFAULT_SOURCE=1 conftest.c >&5
configure:4773: $? = 0
configure:4846: gcc -o conftest -g -O2  -D_DEFAULT_SOURCE=1  conftest.c -lpcap -lnet -lrt -lcap -lnsl -lm  >&5
configure:4846: $? = 0
configure:4846: ./conftest
configure:4846: $? = 0
configure:4857: result: yes
configure:4870: checking for sys/types.h
configure:4870: gcc -c -g -O2  -D_DEFAULT_SOURCE=1 conftest.c >&5
configure:4870: $? = 0
configure:4870: result: yes
configure:4870: checking for sys/stat.h
configure:4870: gcc -c -g -O2  -D_DEFAULT_SOURCE=1 conftest.c >&5
configure:4870: $? = 0
configure:4870: result: yes
configure:4870: checking for stdlib.h
configure:4870: gcc -c -g -O2  -D_DEFAULT_SOURCE=1 conftest.c >&5
configure:4870: $? = 0
configure:4870: result: yes
configure:4870: checking for string.h
configure:4870: gcc -c -g -O2  -D_DEFAULT_SOURCE=1 conftest.c >&5
configure:4870: $? = 0
configure:4870: result: yes
configure:4870: checking for memory.h
configure:4870: gcc -c -g -O2  -D_DEFAULT_SOURCE=1 conftest.c >&5
configure:4870: $? = 0
configure:4870: result: yes
configure:4870: checking for strings.h
configure:4870: gcc -c -g -O2  -D_DEFAULT_SOURCE=1 conftest.c >&5
configure:4870: $? = 0
configure:4870: result: yes
configure:4870: checking for inttypes.h
configure:4870: gcc -c -g -O2  -D_DEFAULT_SOURCE=1 conftest.c >&5
configure:4870: $? = 0
configure:4870: result: yes
configure:4870: checking for stdint.h
configure:4870: gcc -c -g -O2  -D_DEFAULT_SOURCE=1 conftest.c >&5
configure:4870: $? = 0
configure:4870: result: yes
configure:4870: checking for unistd.h
configure:4870: gcc -c -g -O2  -D_DEFAULT_SOURCE=1 conftest.c >&5
configure:4870: $? = 0
configure:4870: result: yes
configure:4903: checking arpa/inet.h usability
configure:4903: gcc -c -g -O2  -D_DEFAULT_SOURCE=1 conftest.c >&5
configure:4903: $? = 0
configure:4903: result: yes
configure:4903: checking arpa/inet.h presence
configure:4903: gcc -E  -D_DEFAULT_SOURCE=1 conftest.c
configure:4903: $? = 0
configure:4903: result: yes
configure:4903: checking for arpa/inet.h
configure:4903: result: yes
configure:4903: checking netinet/in.h usability
configure:4903: gcc -c -g -O2  -D_DEFAULT_SOURCE=1 conftest.c >&5
configure:4903: $? = 0
configure:4903: result: yes
configure:4903: checking netinet/in.h presence
configure:4903: gcc -E  -D_DEFAULT_SOURCE=1 conftest.c
configure:4903: $? = 0
configure:4903: result: yes
configure:4903: checking for netinet/in.h
configure:4903: result: yes
configure:4903: checking for stdlib.h
configure:4903: result: yes
configure:4903: checking sys/socket.h usability
configure:4903: gcc -c -g -O2  -D_DEFAULT_SOURCE=1 conftest.c >&5
configure:4903: $? = 0
configure:4903: result: yes
configure:4903: checking sys/socket.h presence
configure:4903: gcc -E  -D_DEFAULT_SOURCE=1 conftest.c
configure:4903: $? = 0
configure:4903: result: yes
configure:4903: checking for sys/socket.h
configure:4903: result: yes
configure:4903: checking getopt.h usability
configure:4903: gcc -c -g -O2  -D_DEFAULT_SOURCE=1 conftest.c >&5
configure:4903: $? = 0
configure:4903: result: yes
configure:4903: checking getopt.h presence
configure:4903: gcc -E  -D_DEFAULT_SOURCE=1 conftest.c
configure:4903: $? = 0
configure:4903: result: yes
configure:4903: checking for getopt.h
configure:4903: result: yes
configure:4903: checking time.h usability
configure:4903: gcc -c -g -O2  -D_DEFAULT_SOURCE=1 conftest.c >&5
configure:4903: $? = 0
configure:4903: result: yes
configure:4903: checking time.h presence
configure:4903: gcc -E  -D_DEFAULT_SOURCE=1 conftest.c
configure:4903: $? = 0
configure:4903: result: yes
configure:4903: checking for time.h
configure:4903: result: yes
configure:4903: checking grp.h usability
configure:4903: gcc -c -g -O2  -D_DEFAULT_SOURCE=1 conftest.c >&5
configure:4903: $? = 0
configure:4903: result: yes
configure:4903: checking grp.h presence
configure:4903: gcc -E  -D_DEFAULT_SOURCE=1 conftest.c
configure:4903: $? = 0
configure:4903: result: yes
configure:4903: checking for grp.h
configure:4903: result: yes
configure:4903: checking sys/time.h usability
configure:4903: gcc -c -g -O2  -D_DEFAULT_SOURCE=1 conftest.c >&5
configure:4903: $? = 0
configure:4903: result: yes
configure:4903: checking sys/time.h presence
configure:4903: gcc -E  -D_DEFAULT_SOURCE=1 conftest.c
configure:4903: $? = 0
configure:4903: result: yes
configure:4903: checking for sys/time.h
configure:4903: result: yes
configure:4903: checking for sys/types.h
configure:4903: result: yes
configure:4903: checking sys/param.h usability
configure:4903: gcc -c -g -O2  -D_DEFAULT_SOURCE=1 conftest.c >&5
configure:4903: $? = 0
configure:4903: result: yes
configure:4903: checking sys/param.h presence
configure:4903: gcc -E  -D_DEFAULT_SOURCE=1 conftest.c
configure:4903: $? = 0
configure:4903: result: yes
configure:4903: checking for sys/param.h
configure:4903: result: yes
configure:4903: checking sys/capability.h usability
configure:4903: gcc -c -g -O2  -D_DEFAULT_SOURCE=1 conftest.c >&5
configure:4903: $? = 0
configure:4903: result: yes
configure:4903: checking sys/capability.h presence
configure:4903: gcc -E  -D_DEFAULT_SOURCE=1 conftest.c
configure:4903: $? = 0
configure:4903: result: yes
configure:4903: checking for sys/capability.h
configure:4903: result: yes
configure:4903: checking for stdint.h
configure:4903: result: yes
configure:4903: checking libnet.h usability
configure:4903: gcc -c -g -O2  -D_DEFAULT_SOURCE=1 conftest.c >&5
configure:4903: $? = 0
configure:4903: result: yes
configure:4903: checking libnet.h presence
configure:4903: gcc -E  -D_DEFAULT_SOURCE=1 conftest.c
configure:4903: $? = 0
configure:4903: result: yes
configure:4903: checking for libnet.h
configure:4903: result: yes
configure:4903: checking win32/libnet.h usability
configure:4903: gcc -c -g -O2  -D_DEFAULT_SOURCE=1 conftest.c >&5
conftest.c:73:10: fatal error: win32/libnet.h: No such file or directory
   73 | #include <win32/libnet.h>
      |          ^~~~~~~~~~~~~~~~
compilation terminated.
configure:4903: $? = 1
configure: failed program was:
| /* confdefs.h */
| #define PACKAGE_NAME "arping"
| #define PACKAGE_TARNAME "arping"
| #define PACKAGE_VERSION "2.21"
| #define PACKAGE_STRING "arping 2.21"
| #define PACKAGE_BUGREPORT "thomas@habets.se"
| #define PACKAGE_URL ""
| #define PACKAGE "arping"
| #define VERSION "2.21"
| #define HAVE_LIBM 1
| #define HAVE_LIBNSL 1
| #define HAVE_LIBCAP 1
| #define HAVE_LIBRT 1
| #define HAVE_LIBNET 1
| #define HAVE_LIBPCAP 1
| #define STDC_HEADERS 1
| #define HAVE_SYS_TYPES_H 1
| #define HAVE_SYS_STAT_H 1
| #define HAVE_STDLIB_H 1
| #define HAVE_STRING_H 1
| #define HAVE_MEMORY_H 1
| #define HAVE_STRINGS_H 1
| #define HAVE_INTTYPES_H 1
| #define HAVE_STDINT_H 1
| #define HAVE_UNISTD_H 1
| #define HAVE_ARPA_INET_H 1
| #define HAVE_NETINET_IN_H 1
| #define HAVE_STDLIB_H 1
| #define HAVE_SYS_SOCKET_H 1
| #define HAVE_GETOPT_H 1
| #define HAVE_TIME_H 1
| #define HAVE_GRP_H 1
| #define HAVE_SYS_TIME_H 1
| #define HAVE_SYS_TYPES_H 1
| #define HAVE_SYS_PARAM_H 1
| #define HAVE_SYS_CAPABILITY_H 1
| #define HAVE_STDINT_H 1
| #define HAVE_LIBNET_H 1
| /* end confdefs.h.  */
| #include <stdio.h>
| #ifdef HAVE_SYS_TYPES_H
| # include <sys/types.h>
| #endif
| #ifdef HAVE_SYS_STAT_H
| # include <sys/stat.h>
| #endif
| #ifdef STDC_HEADERS
| # include <stdlib.h>
| # include <stddef.h>
| #else
| # ifdef HAVE_STDLIB_H
| #  include <stdlib.h>
| # endif
| #endif
| #ifdef HAVE_STRING_H
| # if !defined STDC_HEADERS && defined HAVE_MEMORY_H
| #  include <memory.h>
| # endif
| # include <string.h>
| #endif
| #ifdef HAVE_STRINGS_H
| # include <strings.h>
| #endif
| #ifdef HAVE_INTTYPES_H
| # include <inttypes.h>
| #endif
| #ifdef HAVE_STDINT_H
| # include <stdint.h>
| #endif
| #ifdef HAVE_UNISTD_H
| # include <unistd.h>
| #endif
| #include <win32/libnet.h>
configure:4903: result: no
configure:4903: checking win32/libnet.h presence
configure:4903: gcc -E  -D_DEFAULT_SOURCE=1 conftest.c
conftest.c:40:10: fatal error: win32/libnet.h: No such file or directory
   40 | #include <win32/libnet.h>
      |          ^~~~~~~~~~~~~~~~
compilation terminated.
configure:4903: $? = 1
configure: failed program was:
| /* confdefs.h */
| #define PACKAGE_NAME "arping"
| #define PACKAGE_TARNAME "arping"
| #define PACKAGE_VERSION "2.21"
| #define PACKAGE_STRING "arping 2.21"
| #define PACKAGE_BUGREPORT "thomas@habets.se"
| #define PACKAGE_URL ""
| #define PACKAGE "arping"
| #define VERSION "2.21"
| #define HAVE_LIBM 1
| #define HAVE_LIBNSL 1
| #define HAVE_LIBCAP 1
| #define HAVE_LIBRT 1
| #define HAVE_LIBNET 1
| #define HAVE_LIBPCAP 1
| #define STDC_HEADERS 1
| #define HAVE_SYS_TYPES_H 1
| #define HAVE_SYS_STAT_H 1
| #define HAVE_STDLIB_H 1
| #define HAVE_STRING_H 1
| #define HAVE_MEMORY_H 1
| #define HAVE_STRINGS_H 1
| #define HAVE_INTTYPES_H 1
| #define HAVE_STDINT_H 1
| #define HAVE_UNISTD_H 1
| #define HAVE_ARPA_INET_H 1
| #define HAVE_NETINET_IN_H 1
| #define HAVE_STDLIB_H 1
| #define HAVE_SYS_SOCKET_H 1
| #define HAVE_GETOPT_H 1
| #define HAVE_TIME_H 1
| #define HAVE_GRP_H 1
| #define HAVE_SYS_TIME_H 1
| #define HAVE_SYS_TYPES_H 1
| #define HAVE_SYS_PARAM_H 1
| #define HAVE_SYS_CAPABILITY_H 1
| #define HAVE_STDINT_H 1
| #define HAVE_LIBNET_H 1
| /* end confdefs.h.  */
| #include <win32/libnet.h>
configure:4903: result: no
configure:4903: checking for win32/libnet.h
configure:4903: result: no
configure:4903: checking sys/random.h usability
configure:4903: gcc -c -g -O2  -D_DEFAULT_SOURCE=1 conftest.c >&5
configure:4903: $? = 0
configure:4903: result: yes
configure:4903: checking sys/random.h presence
configure:4903: gcc -E  -D_DEFAULT_SOURCE=1 conftest.c
configure:4903: $? = 0
configure:4903: result: yes
configure:4903: checking for sys/random.h
configure:4903: result: yes
configure:4903: checking net/bpf.h usability
configure:4903: gcc -c -g -O2  -D_DEFAULT_SOURCE=1 conftest.c >&5
conftest.c:74:10: fatal error: net/bpf.h: No such file or directory
   74 | #include <net/bpf.h>
      |          ^~~~~~~~~~~
compilation terminated.
configure:4903: $? = 1
configure: failed program was:
| /* confdefs.h */
| #define PACKAGE_NAME "arping"
| #define PACKAGE_TARNAME "arping"
| #define PACKAGE_VERSION "2.21"
| #define PACKAGE_STRING "arping 2.21"
| #define PACKAGE_BUGREPORT "thomas@habets.se"
| #define PACKAGE_URL ""
| #define PACKAGE "arping"
| #define VERSION "2.21"
| #define HAVE_LIBM 1
| #define HAVE_LIBNSL 1
| #define HAVE_LIBCAP 1
| #define HAVE_LIBRT 1
| #define HAVE_LIBNET 1
| #define HAVE_LIBPCAP 1
| #define STDC_HEADERS 1
| #define HAVE_SYS_TYPES_H 1
| #define HAVE_SYS_STAT_H 1
| #define HAVE_STDLIB_H 1
| #define HAVE_STRING_H 1
| #define HAVE_MEMORY_H 1
| #define HAVE_STRINGS_H 1
| #define HAVE_INTTYPES_H 1
| #define HAVE_STDINT_H 1
| #define HAVE_UNISTD_H 1
| #define HAVE_ARPA_INET_H 1
| #define HAVE_NETINET_IN_H 1
| #define HAVE_STDLIB_H 1
| #define HAVE_SYS_SOCKET_H 1
| #define HAVE_GETOPT_H 1
| #define HAVE_TIME_H 1
| #define HAVE_GRP_H 1
| #define HAVE_SYS_TIME_H 1
| #define HAVE_SYS_TYPES_H 1
| #define HAVE_SYS_PARAM_H 1
| #define HAVE_SYS_CAPABILITY_H 1
| #define HAVE_STDINT_H 1
| #define HAVE_LIBNET_H 1
| #define HAVE_SYS_RANDOM_H 1
| /* end confdefs.h.  */
| #include <stdio.h>
| #ifdef HAVE_SYS_TYPES_H
| # include <sys/types.h>
| #endif
| #ifdef HAVE_SYS_STAT_H
| # include <sys/stat.h>
| #endif
| #ifdef STDC_HEADERS
| # include <stdlib.h>
| # include <stddef.h>
| #else
| # ifdef HAVE_STDLIB_H
| #  include <stdlib.h>
| # endif
| #endif
| #ifdef HAVE_STRING_H
| # if !defined STDC_HEADERS && defined HAVE_MEMORY_H
| #  include <memory.h>
| # endif
| # include <string.h>
| #endif
| #ifdef HAVE_STRINGS_H
| # include <strings.h>
| #endif
| #ifdef HAVE_INTTYPES_H
| # include <inttypes.h>
| #endif
| #ifdef HAVE_STDINT_H
| # include <stdint.h>
| #endif
| #ifdef HAVE_UNISTD_H
| # include <unistd.h>
| #endif
| #include <net/bpf.h>
configure:4903: result: no
configure:4903: checking net/bpf.h presence
configure:4903: gcc -E  -D_DEFAULT_SOURCE=1 conftest.c
conftest.c:41:10: fatal error: net/bpf.h: No such file or directory
   41 | #include <net/bpf.h>
      |          ^~~~~~~~~~~
compilation terminated.
configure:4903: $? = 1
configure: failed program was:
| /* confdefs.h */
| #define PACKAGE_NAME "arping"
| #define PACKAGE_TARNAME "arping"
| #define PACKAGE_VERSION "2.21"
| #define PACKAGE_STRING "arping 2.21"
| #define PACKAGE_BUGREPORT "thomas@habets.se"
| #define PACKAGE_URL ""
| #define PACKAGE "arping"
| #define VERSION "2.21"
| #define HAVE_LIBM 1
| #define HAVE_LIBNSL 1
| #define HAVE_LIBCAP 1
| #define HAVE_LIBRT 1
| #define HAVE_LIBNET 1
| #define HAVE_LIBPCAP 1
| #define STDC_HEADERS 1
| #define HAVE_SYS_TYPES_H 1
| #define HAVE_SYS_STAT_H 1
| #define HAVE_STDLIB_H 1
| #define HAVE_STRING_H 1
| #define HAVE_MEMORY_H 1
| #define HAVE_STRINGS_H 1
| #define HAVE_INTTYPES_H 1
| #define HAVE_STDINT_H 1
| #define HAVE_UNISTD_H 1
| #define HAVE_ARPA_INET_H 1
| #define HAVE_NETINET_IN_H 1
| #define HAVE_STDLIB_H 1
| #define HAVE_SYS_SOCKET_H 1
| #define HAVE_GETOPT_H 1
| #define HAVE_TIME_H 1
| #define HAVE_GRP_H 1
| #define HAVE_SYS_TIME_H 1
| #define HAVE_SYS_TYPES_H 1
| #define HAVE_SYS_PARAM_H 1
| #define HAVE_SYS_CAPABILITY_H 1
| #define HAVE_STDINT_H 1
| #define HAVE_LIBNET_H 1
| #define HAVE_SYS_RANDOM_H 1
| /* end confdefs.h.  */
| #include <net/bpf.h>
configure:4903: result: no
configure:4903: checking for net/bpf.h
configure:4903: result: no
configure:4903: checking pwd.h usability
configure:4903: gcc -c -g -O2  -D_DEFAULT_SOURCE=1 conftest.c >&5
configure:4903: $? = 0
configure:4903: result: yes
configure:4903: checking pwd.h presence
configure:4903: gcc -E  -D_DEFAULT_SOURCE=1 conftest.c
configure:4903: $? = 0
configure:4903: result: yes
configure:4903: checking for pwd.h
configure:4903: result: yes
configure:4903: checking for unistd.h
configure:4903: result: yes
configure:4920: checking for an ANSI C-conforming const
configure:4986: gcc -c -g -O2  -D_DEFAULT_SOURCE=1 conftest.c >&5
configure:4986: $? = 0
configure:4993: result: yes
configure:5001: checking whether time.h and sys/time.h may both be included
configure:5021: gcc -c -g -O2  -D_DEFAULT_SOURCE=1 conftest.c >&5
configure:5021: $? = 0
configure:5028: result: yes
configure:5036: checking for working volatile
configure:5055: gcc -c -g -O2  -D_DEFAULT_SOURCE=1 conftest.c >&5
configure:5055: $? = 0
configure:5062: result: yes
configure:5070: checking for uint8_t
configure:5070: gcc -c -g -O2  -D_DEFAULT_SOURCE=1 conftest.c >&5
configure:5070: $? = 0
configure:5070: result: yes
configure:5084: checking for uint16_t
configure:5084: gcc -c -g -O2  -D_DEFAULT_SOURCE=1 conftest.c >&5
configure:5084: $? = 0
configure:5084: result: yes
configure:5096: checking for uint32_t
configure:5096: gcc -c -g -O2  -D_DEFAULT_SOURCE=1 conftest.c >&5
configure:5096: $? = 0
configure:5096: result: yes
configure:5110: checking for uint64_t
configure:5110: gcc -c -g -O2  -D_DEFAULT_SOURCE=1 conftest.c >&5
configure:5110: $? = 0
configure:5110: result: yes
configure:5127: checking whether gcc needs -traditional
configure:5161: result: no
configure:5171: checking sys/select.h usability
configure:5171: gcc -c -g -O2  -D_DEFAULT_SOURCE=1 conftest.c >&5
configure:5171: $? = 0
configure:5171: result: yes
configure:5171: checking sys/select.h presence
configure:5171: gcc -E  -D_DEFAULT_SOURCE=1 conftest.c
configure:5171: $? = 0
configure:5171: result: yes
configure:5171: checking for sys/select.h
configure:5171: result: yes
configure:5171: checking for sys/socket.h
configure:5171: result: yes
configure:5181: checking types of arguments for select
configure:5209: gcc -c -g -O2  -D_DEFAULT_SOURCE=1 conftest.c >&5
configure:5209: $? = 0
configure:5220: result: int,fd_set *,struct timeval *
configure:5250: checking return type of signal handlers
configure:5268: gcc -c -g -O2  -D_DEFAULT_SOURCE=1 conftest.c >&5
conftest.c: In function 'main':
conftest.c:55:10: error: void value not ignored as it ought to be
   55 | return *(signal (0, 0)) (0) == 1;
      |         ~^~~~~~~~~~~~~~~~~~
configure:5268: $? = 1
configure: failed program was:
| /* confdefs.h */
| #define PACKAGE_NAME "arping"
| #define PACKAGE_TARNAME "arping"
| #define PACKAGE_VERSION "2.21"
| #define PACKAGE_STRING "arping 2.21"
| #define PACKAGE_BUGREPORT "thomas@habets.se"
| #define PACKAGE_URL ""
| #define PACKAGE "arping"
| #define VERSION "2.21"
| #define HAVE_LIBM 1
| #define HAVE_LIBNSL 1
| #define HAVE_LIBCAP 1
| #define HAVE_LIBRT 1
| #define HAVE_LIBNET 1
| #define HAVE_LIBPCAP 1
| #define STDC_HEADERS 1
| #define HAVE_SYS_TYPES_H 1
| #define HAVE_SYS_STAT_H 1
| #define HAVE_STDLIB_H 1
| #define HAVE_STRING_H 1
| #define HAVE_MEMORY_H 1
| #define HAVE_STRINGS_H 1
| #define HAVE_INTTYPES_H 1
| #define HAVE_STDINT_H 1
| #define HAVE_UNISTD_H 1
| #define HAVE_ARPA_INET_H 1
| #define HAVE_NETINET_IN_H 1
| #define HAVE_STDLIB_H 1
| #define HAVE_SYS_SOCKET_H 1
| #define HAVE_GETOPT_H 1
| #define HAVE_TIME_H 1
| #define HAVE_GRP_H 1
| #define HAVE_SYS_TIME_H 1
| #define HAVE_SYS_TYPES_H 1
| #define HAVE_SYS_PARAM_H 1
| #define HAVE_SYS_CAPABILITY_H 1
| #define HAVE_STDINT_H 1
| #define HAVE_LIBNET_H 1
| #define HAVE_SYS_RANDOM_H 1
| #define HAVE_PWD_H 1
| #define HAVE_UNISTD_H 1
| #define TIME_WITH_SYS_TIME 1
| #define HAVE_SYS_SELECT_H 1
| #define HAVE_SYS_SOCKET_H 1
| #define SELECT_TYPE_ARG1 int
| #define SELECT_TYPE_ARG234 (fd_set *)
| #define SELECT_TYPE_ARG5 (struct timeval *)
| /* end confdefs.h.  */
| #include <sys/types.h>
| #include <signal.h>
| 
| int
| main ()
| {
| return *(signal (0, 0)) (0) == 1;
|   ;
|   return 0;
| }
configure:5275: result: void
configure:5288: checking for gettimeofday
configure:5288: gcc -o conftest -g -O2  -D_DEFAULT_SOURCE=1  conftest.c -lpcap -lnet -lrt -lcap -lnsl -lm  >&5
configure:5288: $? = 0
configure:5288: result: yes
configure:5288: checking for memset
configure:5288: gcc -o conftest -g -O2  -D_DEFAULT_SOURCE=1  conftest.c -lpcap -lnet -lrt -lcap -lnsl -lm  >&5
conftest.c:74:6: warning: conflicting types for built-in function 'memset'; expected 'void *(void *, int,  long unsigned int)' [-Wbuiltin-declaration-mismatch]
   74 | char memset ();
      |      ^~~~~~
conftest.c:62:1: note: 'memset' is declared in header '<string.h>'
   61 | # include <limits.h>
   62 | #else
configure:5288: $? = 0
configure:5288: result: yes
configure:5288: checking for select
configure:5288: gcc -o conftest -g -O2  -D_DEFAULT_SOURCE=1  conftest.c -lpcap -lnet -lrt -lcap -lnsl -lm  >&5
configure:5288: $? = 0
configure:5288: result: yes
configure:5288: checking for strchr
configure:5288: gcc -o conftest -g -O2  -D_DEFAULT_SOURCE=1  conftest.c -lpcap -lnet -lrt -lcap -lnsl -lm  >&5
conftest.c:76:6: warning: conflicting types for built-in function 'strchr'; expected 'char *(const char *, int)' [-Wbuiltin-declaration-mismatch]
   76 | char strchr ();
      |      ^~~~~~
conftest.c:64:1: note: 'strchr' is declared in header '<string.h>'
   63 | # include <limits.h>
   64 | #else
configure:5288: $? = 0
configure:5288: result: yes
configure:5288: checking for strdup
configure:5288: gcc -o conftest -g -O2  -D_DEFAULT_SOURCE=1  conftest.c -lpcap -lnet -lrt -lcap -lnsl -lm  >&5
conftest.c:77:6: warning: conflicting types for built-in function 'strdup'; expected 'char *(const char *)' [-Wbuiltin-declaration-mismatch]
   77 | char strdup ();
      |      ^~~~~~
configure:5288: $? = 0
configure:5288: result: yes
configure:5288: checking for strerror
configure:5288: gcc -o conftest -g -O2  -D_DEFAULT_SOURCE=1  conftest.c -lpcap -lnet -lrt -lcap -lnsl -lm  >&5
configure:5288: $? = 0
configure:5288: result: yes
configure:5288: checking for strstr
configure:5288: gcc -o conftest -g -O2  -D_DEFAULT_SOURCE=1  conftest.c -lpcap -lnet -lrt -lcap -lnsl -lm  >&5
conftest.c:79:6: warning: conflicting types for built-in function 'strstr'; expected 'char *(const char *, const char *)' [-Wbuiltin-declaration-mismatch]
   79 | char strstr ();
      |      ^~~~~~
conftest.c:67:1: note: 'strstr' is declared in header '<string.h>'
   66 | # include <limits.h>
   67 | #else
configure:5288: $? = 0
configure:5288: result: yes
configure:5288: checking for getifaddrs
configure:5288: gcc -o conftest -g -O2  -D_DEFAULT_SOURCE=1  conftest.c -lpcap -lnet -lrt -lcap -lnsl -lm  >&5
configure:5288: $? = 0
configure:5288: result: yes
configure:5288: checking for cap_init
configure:5288: gcc -o conftest -g -O2  -D_DEFAULT_SOURCE=1  conftest.c -lpcap -lnet -lrt -lcap -lnsl -lm  >&5
configure:5288: $? = 0
configure:5288: result: yes
configure:5288: checking for pcap_create
configure:5288: gcc -o conftest -g -O2  -D_DEFAULT_SOURCE=1  conftest.c -lpcap -lnet -lrt -lcap -lnsl -lm  >&5
configure:5288: $? = 0
configure:5288: result: yes
configure:5288: checking for pcap_list_tstamp_types
configure:5288: gcc -o conftest -g -O2  -D_DEFAULT_SOURCE=1  conftest.c -lpcap -lnet -lrt -lcap -lnsl -lm  >&5
configure:5288: $? = 0
configure:5288: result: yes
configure:5288: checking for pcap_set_immediate_mode
configure:5288: gcc -o conftest -g -O2  -D_DEFAULT_SOURCE=1  conftest.c -lpcap -lnet -lrt -lcap -lnsl -lm  >&5
configure:5288: $? = 0
configure:5288: result: yes
configure:5288: checking for pledge
configure:5288: gcc -o conftest -g -O2  -D_DEFAULT_SOURCE=1  conftest.c -lpcap -lnet -lrt -lcap -lnsl -lm  >&5
/usr/bin/ld: /tmp/ccoTwcKL.o: in function `main':
/root/arping/conftest.c:96: undefined reference to `pledge'
collect2: error: ld returned 1 exit status
configure:5288: $? = 1
configure: failed program was:
| /* confdefs.h */
| #define PACKAGE_NAME "arping"
| #define PACKAGE_TARNAME "arping"
| #define PACKAGE_VERSION "2.21"
| #define PACKAGE_STRING "arping 2.21"
| #define PACKAGE_BUGREPORT "thomas@habets.se"
| #define PACKAGE_URL ""
| #define PACKAGE "arping"
| #define VERSION "2.21"
| #define HAVE_LIBM 1
| #define HAVE_LIBNSL 1
| #define HAVE_LIBCAP 1
| #define HAVE_LIBRT 1
| #define HAVE_LIBNET 1
| #define HAVE_LIBPCAP 1
| #define STDC_HEADERS 1
| #define HAVE_SYS_TYPES_H 1
| #define HAVE_SYS_STAT_H 1
| #define HAVE_STDLIB_H 1
| #define HAVE_STRING_H 1
| #define HAVE_MEMORY_H 1
| #define HAVE_STRINGS_H 1
| #define HAVE_INTTYPES_H 1
| #define HAVE_STDINT_H 1
| #define HAVE_UNISTD_H 1
| #define HAVE_ARPA_INET_H 1
| #define HAVE_NETINET_IN_H 1
| #define HAVE_STDLIB_H 1
| #define HAVE_SYS_SOCKET_H 1
| #define HAVE_GETOPT_H 1
| #define HAVE_TIME_H 1
| #define HAVE_GRP_H 1
| #define HAVE_SYS_TIME_H 1
| #define HAVE_SYS_TYPES_H 1
| #define HAVE_SYS_PARAM_H 1
| #define HAVE_SYS_CAPABILITY_H 1
| #define HAVE_STDINT_H 1
| #define HAVE_LIBNET_H 1
| #define HAVE_SYS_RANDOM_H 1
| #define HAVE_PWD_H 1
| #define HAVE_UNISTD_H 1
| #define TIME_WITH_SYS_TIME 1
| #define HAVE_SYS_SELECT_H 1
| #define HAVE_SYS_SOCKET_H 1
| #define SELECT_TYPE_ARG1 int
| #define SELECT_TYPE_ARG234 (fd_set *)
| #define SELECT_TYPE_ARG5 (struct timeval *)
| #define RETSIGTYPE void
| #define HAVE_GETTIMEOFDAY 1
| #define HAVE_MEMSET 1
| #define HAVE_SELECT 1
| #define HAVE_STRCHR 1
| #define HAVE_STRDUP 1
| #define HAVE_STRERROR 1
| #define HAVE_STRSTR 1
| #define HAVE_GETIFADDRS 1
| #define HAVE_CAP_INIT 1
| #define HAVE_PCAP_CREATE 1
| #define HAVE_PCAP_LIST_TSTAMP_TYPES 1
| #define HAVE_PCAP_SET_IMMEDIATE_MODE 1
| /* end confdefs.h.  */
| /* Define pledge to an innocuous variant, in case <limits.h> declares pledge.
|    For example, HP-UX 11i <limits.h> declares gettimeofday.  */
| #define pledge innocuous_pledge
| 
| /* System header to define __stub macros and hopefully few prototypes,
|     which can conflict with char pledge (); below.
|     Prefer <limits.h> to <assert.h> if __STDC__ is defined, since
|     <limits.h> exists even on freestanding compilers.  */
| 
| #ifdef __STDC__
| # include <limits.h>
| #else
| # include <assert.h>
| #endif
| 
| #undef pledge
| 
| /* Override any GCC internal prototype to avoid an error.
|    Use char because int might match the return type of a GCC
|    builtin and then its argument prototype would still apply.  */
| #ifdef __cplusplus
| extern "C"
| #endif
| char pledge ();
| /* The GNU C library defines this for functions which it implements
|     to always fail with ENOSYS.  Some functions are actually named
|     something starting with __ and the normal name is an alias.  */
| #if defined __stub_pledge || defined __stub___pledge
| choke me
| #endif
| 
| int
| main ()
| {
| return pledge ();
|   ;
|   return 0;
| }
configure:5288: result: no
configure:5288: checking for unveil
configure:5288: gcc -o conftest -g -O2  -D_DEFAULT_SOURCE=1  conftest.c -lpcap -lnet -lrt -lcap -lnsl -lm  >&5
/usr/bin/ld: /tmp/ccvM89u8.o: in function `main':
/root/arping/conftest.c:96: undefined reference to `unveil'
collect2: error: ld returned 1 exit status
configure:5288: $? = 1
configure: failed program was:
| /* confdefs.h */
| #define PACKAGE_NAME "arping"
| #define PACKAGE_TARNAME "arping"
| #define PACKAGE_VERSION "2.21"
| #define PACKAGE_STRING "arping 2.21"
| #define PACKAGE_BUGREPORT "thomas@habets.se"
| #define PACKAGE_URL ""
| #define PACKAGE "arping"
| #define VERSION "2.21"
| #define HAVE_LIBM 1
| #define HAVE_LIBNSL 1
| #define HAVE_LIBCAP 1
| #define HAVE_LIBRT 1
| #define HAVE_LIBNET 1
| #define HAVE_LIBPCAP 1
| #define STDC_HEADERS 1
| #define HAVE_SYS_TYPES_H 1
| #define HAVE_SYS_STAT_H 1
| #define HAVE_STDLIB_H 1
| #define HAVE_STRING_H 1
| #define HAVE_MEMORY_H 1
| #define HAVE_STRINGS_H 1
| #define HAVE_INTTYPES_H 1
| #define HAVE_STDINT_H 1
| #define HAVE_UNISTD_H 1
| #define HAVE_ARPA_INET_H 1
| #define HAVE_NETINET_IN_H 1
| #define HAVE_STDLIB_H 1
| #define HAVE_SYS_SOCKET_H 1
| #define HAVE_GETOPT_H 1
| #define HAVE_TIME_H 1
| #define HAVE_GRP_H 1
| #define HAVE_SYS_TIME_H 1
| #define HAVE_SYS_TYPES_H 1
| #define HAVE_SYS_PARAM_H 1
| #define HAVE_SYS_CAPABILITY_H 1
| #define HAVE_STDINT_H 1
| #define HAVE_LIBNET_H 1
| #define HAVE_SYS_RANDOM_H 1
| #define HAVE_PWD_H 1
| #define HAVE_UNISTD_H 1
| #define TIME_WITH_SYS_TIME 1
| #define HAVE_SYS_SELECT_H 1
| #define HAVE_SYS_SOCKET_H 1
| #define SELECT_TYPE_ARG1 int
| #define SELECT_TYPE_ARG234 (fd_set *)
| #define SELECT_TYPE_ARG5 (struct timeval *)
| #define RETSIGTYPE void
| #define HAVE_GETTIMEOFDAY 1
| #define HAVE_MEMSET 1
| #define HAVE_SELECT 1
| #define HAVE_STRCHR 1
| #define HAVE_STRDUP 1
| #define HAVE_STRERROR 1
| #define HAVE_STRSTR 1
| #define HAVE_GETIFADDRS 1
| #define HAVE_CAP_INIT 1
| #define HAVE_PCAP_CREATE 1
| #define HAVE_PCAP_LIST_TSTAMP_TYPES 1
| #define HAVE_PCAP_SET_IMMEDIATE_MODE 1
| /* end confdefs.h.  */
| /* Define unveil to an innocuous variant, in case <limits.h> declares unveil.
|    For example, HP-UX 11i <limits.h> declares gettimeofday.  */
| #define unveil innocuous_unveil
| 
| /* System header to define __stub macros and hopefully few prototypes,
|     which can conflict with char unveil (); below.
|     Prefer <limits.h> to <assert.h> if __STDC__ is defined, since
|     <limits.h> exists even on freestanding compilers.  */
| 
| #ifdef __STDC__
| # include <limits.h>
| #else
| # include <assert.h>
| #endif
| 
| #undef unveil
| 
| /* Override any GCC internal prototype to avoid an error.
|    Use char because int might match the return type of a GCC
|    builtin and then its argument prototype would still apply.  */
| #ifdef __cplusplus
| extern "C"
| #endif
| char unveil ();
| /* The GNU C library defines this for functions which it implements
|     to always fail with ENOSYS.  Some functions are actually named
|     something starting with __ and the normal name is an alias.  */
| #if defined __stub_unveil || defined __stub___unveil
| choke me
| #endif
| 
| int
| main ()
| {
| return unveil ();
|   ;
|   return 0;
| }
configure:5288: result: no
configure:5288: checking for pcap_findalldevs
configure:5288: gcc -o conftest -g -O2  -D_DEFAULT_SOURCE=1  conftest.c -lpcap -lnet -lrt -lcap -lnsl -lm  >&5
configure:5288: $? = 0
configure:5288: result: yes
configure:5288: checking for getrandom
configure:5288: gcc -o conftest -g -O2  -D_DEFAULT_SOURCE=1  conftest.c -lpcap -lnet -lrt -lcap -lnsl -lm  >&5
configure:5288: $? = 0
configure:5288: result: yes
configure:5342: checking for libnet_init signature has const
configure:5359: gcc -o conftest -g -O2  -D_DEFAULT_SOURCE=1  conftest.c -lpcap -lnet -lrt -lcap -lnsl -lm  >&5
configure:5359: $? = 0
configure:5368: result: yes
configure:5376: checking for libnet_name2addr4 signature has const
configure:5393: gcc -o conftest -g -O2  -D_DEFAULT_SOURCE=1  conftest.c -lpcap -lnet -lrt -lcap -lnsl -lm  >&5
conftest.c: In function 'main':
conftest.c:69:10: error: conflicting types for 'libnet_name2addr4'
   69 | uint32_t libnet_name2addr4(libnet_t*a, const char* b,uint8_t c);
      |          ^~~~~~~~~~~~~~~~~
In file included from /usr/include/libnet.h:119,
                 from conftest.c:65:
/usr/include/libnet/libnet-functions.h:227:1: note: previous declaration of 'libnet_name2addr4' was here
  227 | libnet_name2addr4(libnet_t *l, char *host_name, uint8_t use_name);
      | ^~~~~~~~~~~~~~~~~
configure:5393: $? = 1
configure: failed program was:
| /* confdefs.h */
| #define PACKAGE_NAME "arping"
| #define PACKAGE_TARNAME "arping"
| #define PACKAGE_VERSION "2.21"
| #define PACKAGE_STRING "arping 2.21"
| #define PACKAGE_BUGREPORT "thomas@habets.se"
| #define PACKAGE_URL ""
| #define PACKAGE "arping"
| #define VERSION "2.21"
| #define HAVE_LIBM 1
| #define HAVE_LIBNSL 1
| #define HAVE_LIBCAP 1
| #define HAVE_LIBRT 1
| #define HAVE_LIBNET 1
| #define HAVE_LIBPCAP 1
| #define STDC_HEADERS 1
| #define HAVE_SYS_TYPES_H 1
| #define HAVE_SYS_STAT_H 1
| #define HAVE_STDLIB_H 1
| #define HAVE_STRING_H 1
| #define HAVE_MEMORY_H 1
| #define HAVE_STRINGS_H 1
| #define HAVE_INTTYPES_H 1
| #define HAVE_STDINT_H 1
| #define HAVE_UNISTD_H 1
| #define HAVE_ARPA_INET_H 1
| #define HAVE_NETINET_IN_H 1
| #define HAVE_STDLIB_H 1
| #define HAVE_SYS_SOCKET_H 1
| #define HAVE_GETOPT_H 1
| #define HAVE_TIME_H 1
| #define HAVE_GRP_H 1
| #define HAVE_SYS_TIME_H 1
| #define HAVE_SYS_TYPES_H 1
| #define HAVE_SYS_PARAM_H 1
| #define HAVE_SYS_CAPABILITY_H 1
| #define HAVE_STDINT_H 1
| #define HAVE_LIBNET_H 1
| #define HAVE_SYS_RANDOM_H 1
| #define HAVE_PWD_H 1
| #define HAVE_UNISTD_H 1
| #define TIME_WITH_SYS_TIME 1
| #define HAVE_SYS_SELECT_H 1
| #define HAVE_SYS_SOCKET_H 1
| #define SELECT_TYPE_ARG1 int
| #define SELECT_TYPE_ARG234 (fd_set *)
| #define SELECT_TYPE_ARG5 (struct timeval *)
| #define RETSIGTYPE void
| #define HAVE_GETTIMEOFDAY 1
| #define HAVE_MEMSET 1
| #define HAVE_SELECT 1
| #define HAVE_STRCHR 1
| #define HAVE_STRDUP 1
| #define HAVE_STRERROR 1
| #define HAVE_STRSTR 1
| #define HAVE_GETIFADDRS 1
| #define HAVE_CAP_INIT 1
| #define HAVE_PCAP_CREATE 1
| #define HAVE_PCAP_LIST_TSTAMP_TYPES 1
| #define HAVE_PCAP_SET_IMMEDIATE_MODE 1
| #define HAVE_PCAP_FINDALLDEVS 1
| #define HAVE_GETRANDOM 1
| #define HAVE_LIBNET_INIT_CONST 1
| /* end confdefs.h.  */
| #include<libnet.h>
| int
| main ()
| {
| uint32_t libnet_name2addr4(libnet_t*a, const char* b,uint8_t c);
|   ;
|   return 0;
| }
configure:5402: result: no
configure:5412: checking whether CLOCK_MONOTONIC is declared
configure:5412: gcc -c -g -O2  -D_DEFAULT_SOURCE=1 conftest.c >&5
configure:5412: $? = 0
configure:5412: result: yes
configure:5559: checking that generated files are newer than configure
configure:5565: result: done
configure:5596: creating ./config.status

## ---------------------- ##
## Running config.status. ##
## ---------------------- ##

This file was extended by arping config.status 2.21, which was
generated by GNU Autoconf 2.69.  Invocation command line was

  CONFIG_FILES    = 
  CONFIG_HEADERS  = 
  CONFIG_LINKS    = 
  CONFIG_COMMANDS = 
  $ ./config.status 

on arch-pz

config.status:912: creating Makefile
config.status:912: creating src/Makefile
config.status:912: creating doc/Makefile
config.status:912: creating config.h
config.status:1141: executing depfiles commands
config.status:1218: cd src       && sed -e '/# am--include-marker/d' Makefile         | make -f - am--depfiles
config.status:1223: $? = 0

## ---------------- ##
## Cache variables. ##
## ---------------- ##

ac_cv_build=x86_64-pc-linux-gnu
ac_cv_c_compiler_gnu=yes
ac_cv_c_const=yes
ac_cv_c_uint16_t=yes
ac_cv_c_uint32_t=yes
ac_cv_c_uint64_t=yes
ac_cv_c_uint8_t=yes
ac_cv_c_volatile=yes
ac_cv_env_CC_set=
ac_cv_env_CC_value=
ac_cv_env_CFLAGS_set=
ac_cv_env_CFLAGS_value=
ac_cv_env_CPPFLAGS_set=
ac_cv_env_CPPFLAGS_value=
ac_cv_env_CPP_set=
ac_cv_env_CPP_value=
ac_cv_env_LDFLAGS_set=
ac_cv_env_LDFLAGS_value=
ac_cv_env_LIBS_set=
ac_cv_env_LIBS_value=
ac_cv_env_build_alias_set=
ac_cv_env_build_alias_value=
ac_cv_env_host_alias_set=
ac_cv_env_host_alias_value=
ac_cv_env_target_alias_set=
ac_cv_env_target_alias_value=
ac_cv_func_cap_init=yes
ac_cv_func_getifaddrs=yes
ac_cv_func_getrandom=yes
ac_cv_func_gettimeofday=yes
ac_cv_func_memset=yes
ac_cv_func_pcap_create=yes
ac_cv_func_pcap_findalldevs=yes
ac_cv_func_pcap_list_tstamp_types=yes
ac_cv_func_pcap_set_immediate_mode=yes
ac_cv_func_pledge=no
ac_cv_func_select=yes
ac_cv_func_select_args='int,fd_set *,struct timeval *'
ac_cv_func_setvbuf_reversed=no
ac_cv_func_strchr=yes
ac_cv_func_strdup=yes
ac_cv_func_strerror=yes
ac_cv_func_strstr=yes
ac_cv_func_unveil=no
ac_cv_have_decl_CLOCK_MONOTONIC=yes
ac_cv_have_libnet_init_const=yes
ac_cv_have_libnet_name2addr4_const=no
ac_cv_header_arpa_inet_h=yes
ac_cv_header_getopt_h=yes
ac_cv_header_grp_h=yes
ac_cv_header_inttypes_h=yes
ac_cv_header_libnet_h=yes
ac_cv_header_memory_h=yes
ac_cv_header_net_bpf_h=no
ac_cv_header_netinet_in_h=yes
ac_cv_header_pwd_h=yes
ac_cv_header_stdc=yes
ac_cv_header_stdint_h=yes
ac_cv_header_stdlib_h=yes
ac_cv_header_string_h=yes
ac_cv_header_strings_h=yes
ac_cv_header_sys_capability_h=yes
ac_cv_header_sys_param_h=yes
ac_cv_header_sys_random_h=yes
ac_cv_header_sys_select_h=yes
ac_cv_header_sys_socket_h=yes
ac_cv_header_sys_stat_h=yes
ac_cv_header_sys_time_h=yes
ac_cv_header_sys_types_h=yes
ac_cv_header_time=yes
ac_cv_header_time_h=yes
ac_cv_header_unistd_h=yes
ac_cv_header_win32_libnet_h=no
ac_cv_host=x86_64-pc-linux-gnu
ac_cv_lib_cap_cap_init=yes
ac_cv_lib_m_sqrt=yes
ac_cv_lib_net_libnet_init=yes
ac_cv_lib_net_libnet_name_resolve=no
ac_cv_lib_nsl_gethostbyname=yes
ac_cv_lib_pcap_pcap_open_live=yes
ac_cv_lib_rt_clock_gettime=yes
ac_cv_lib_socket_socket=no
ac_cv_objext=o
ac_cv_path_EGREP='/usr/bin/grep -E'
ac_cv_path_GREP=/usr/bin/grep
ac_cv_path_install='/usr/bin/install -c'
ac_cv_path_mkdir=/usr/bin/mkdir
ac_cv_prog_AWK=gawk
ac_cv_prog_CPP='gcc -E'
ac_cv_prog_ac_ct_CC=gcc
ac_cv_prog_cc_c89=
ac_cv_prog_cc_g=yes
ac_cv_prog_gcc_traditional=no
ac_cv_prog_make_make_set=yes
ac_cv_search_clock_gettime='none required'
ac_cv_target=x86_64-pc-linux-gnu
ac_cv_type_signal=void
am_cv_CC_dependencies_compiler_type=gcc3
am_cv_make_support_nested_variables=yes
am_cv_prog_cc_c_o=yes

## ----------------- ##
## Output variables. ##
## ----------------- ##

ACLOCAL='${SHELL} /root/arping/missing aclocal-1.16'
AMDEPBACKSLASH='\'
AMDEP_FALSE='#'
AMDEP_TRUE=''
AMTAR='$${TAR-tar}'
AM_BACKSLASH='\'
AM_DEFAULT_V='$(AM_DEFAULT_VERBOSITY)'
AM_DEFAULT_VERBOSITY='1'
AM_V='$(V)'
AUTOCONF='${SHELL} /root/arping/missing autoconf'
AUTOHEADER='${SHELL} /root/arping/missing autoheader'
AUTOMAKE='${SHELL} /root/arping/missing automake-1.16'
AWK='gawk'
CC='gcc'
CCDEPMODE='depmode=gcc3'
CFLAGS='-g -O2'
CPP='gcc -E'
CPPFLAGS=' -D_DEFAULT_SOURCE=1'
CYGPATH_W='echo'
DEFS='-DHAVE_CONFIG_H'
DEPDIR='.deps'
ECHO_C=''
ECHO_N='-n'
ECHO_T=''
EGREP='/usr/bin/grep -E'
EXEEXT=''
GREP='/usr/bin/grep'
HAVE_CLOCK_MONOTONIC_FALSE='#'
HAVE_CLOCK_MONOTONIC_TRUE=''
INSTALL_DATA='${INSTALL} -m 644'
INSTALL_PROGRAM='${INSTALL}'
INSTALL_SCRIPT='${INSTALL}'
INSTALL_STRIP_PROGRAM='$(install_sh) -c -s'
LDFLAGS=''
LIBOBJS=' ${LIBOBJDIR}findif_getifaddrs$U.o'
LIBS='-lpcap -lnet -lrt -lcap -lnsl -lm '
LTLIBOBJS=' ${LIBOBJDIR}findif_getifaddrs$U.lo'
MAINT='#'
MAINTAINER_MODE_FALSE=''
MAINTAINER_MODE_TRUE='#'
MAKEINFO='${SHELL} /root/arping/missing makeinfo'
MKDIR_P='/usr/bin/mkdir -p'
OBJEXT='o'
PACKAGE='arping'
PACKAGE_BUGREPORT='thomas@habets.se'
PACKAGE_NAME='arping'
PACKAGE_STRING='arping 2.21'
PACKAGE_TARNAME='arping'
PACKAGE_URL=''
PACKAGE_VERSION='2.21'
PATH_SEPARATOR=':'
SET_MAKE=''
SHELL='/bin/sh'
STRIP=''
VERSION='2.21'
ac_ct_CC='gcc'
am__EXEEXT_FALSE=''
am__EXEEXT_TRUE='#'
am__fastdepCC_FALSE='#'
am__fastdepCC_TRUE=''
am__include='include'
am__isrc=''
am__leading_dot='.'
am__nodep='_no'
am__quote=''
am__tar='$${TAR-tar} chof - "$$tardir"'
am__untar='$${TAR-tar} xf -'
bindir='${exec_prefix}/bin'
build='x86_64-pc-linux-gnu'
build_alias=''
build_cpu='x86_64'
build_os='linux-gnu'
build_vendor='pc'
datadir='${datarootdir}'
datarootdir='${prefix}/share'
docdir='${datarootdir}/doc/${PACKAGE_TARNAME}'
dvidir='${docdir}'
exec_prefix='${prefix}'
host='x86_64-pc-linux-gnu'
host_alias=''
host_cpu='x86_64'
host_os='linux-gnu'
host_vendor='pc'
htmldir='${docdir}'
includedir='${prefix}/include'
infodir='${datarootdir}/info'
install_sh='${SHELL} /root/arping/install-sh'
libdir='${exec_prefix}/lib'
libexecdir='${exec_prefix}/libexec'
localedir='${datarootdir}/locale'
localstatedir='${prefix}/var'
mandir='${datarootdir}/man'
mkdir_p='$(MKDIR_P)'
oldincludedir='/usr/include'
pdfdir='${docdir}'
prefix='/usr/local'
program_transform_name='s,x,x,'
psdir='${docdir}'
sbindir='${exec_prefix}/sbin'
sharedstatedir='${prefix}/com'
sysconfdir='${prefix}/etc'
target='x86_64-pc-linux-gnu'
target_alias=''
target_cpu='x86_64'
target_os='linux-gnu'
target_vendor='pc'

## ----------- ##
## confdefs.h. ##
## ----------- ##

/* confdefs.h */
#define PACKAGE_NAME "arping"
#define PACKAGE_TARNAME "arping"
#define PACKAGE_VERSION "2.21"
#define PACKAGE_STRING "arping 2.21"
#define PACKAGE_BUGREPORT "thomas@habets.se"
#define PACKAGE_URL ""
#define PACKAGE "arping"
#define VERSION "2.21"
#define HAVE_LIBM 1
#define HAVE_LIBNSL 1
#define HAVE_LIBCAP 1
#define HAVE_LIBRT 1
#define HAVE_LIBNET 1
#define HAVE_LIBPCAP 1
#define STDC_HEADERS 1
#define HAVE_SYS_TYPES_H 1
#define HAVE_SYS_STAT_H 1
#define HAVE_STDLIB_H 1
#define HAVE_STRING_H 1
#define HAVE_MEMORY_H 1
#define HAVE_STRINGS_H 1
#define HAVE_INTTYPES_H 1
#define HAVE_STDINT_H 1
#define HAVE_UNISTD_H 1
#define HAVE_ARPA_INET_H 1
#define HAVE_NETINET_IN_H 1
#define HAVE_STDLIB_H 1
#define HAVE_SYS_SOCKET_H 1
#define HAVE_GETOPT_H 1
#define HAVE_TIME_H 1
#define HAVE_GRP_H 1
#define HAVE_SYS_TIME_H 1
#define HAVE_SYS_TYPES_H 1
#define HAVE_SYS_PARAM_H 1
#define HAVE_SYS_CAPABILITY_H 1
#define HAVE_STDINT_H 1
#define HAVE_LIBNET_H 1
#define HAVE_SYS_RANDOM_H 1
#define HAVE_PWD_H 1
#define HAVE_UNISTD_H 1
#define TIME_WITH_SYS_TIME 1
#define HAVE_SYS_SELECT_H 1
#define HAVE_SYS_SOCKET_H 1
#define SELECT_TYPE_ARG1 int
#define SELECT_TYPE_ARG234 (fd_set *)
#define SELECT_TYPE_ARG5 (struct timeval *)
#define RETSIGTYPE void
#define HAVE_GETTIMEOFDAY 1
#define HAVE_MEMSET 1
#define HAVE_SELECT 1
#define HAVE_STRCHR 1
#define HAVE_STRDUP 1
#define HAVE_STRERROR 1
#define HAVE_STRSTR 1
#define HAVE_GETIFADDRS 1
#define HAVE_CAP_INIT 1
#define HAVE_PCAP_CREATE 1
#define HAVE_PCAP_LIST_TSTAMP_TYPES 1
#define HAVE_PCAP_SET_IMMEDIATE_MODE 1
#define HAVE_PCAP_FINDALLDEVS 1
#define HAVE_GETRANDOM 1
#define HAVE_LIBNET_INIT_CONST 1
#define HAVE_CLOCK_MONOTONIC 1

configure: exit 0
